<?xml version="1.0" encoding="UTF-8"?>
<!-- Generated by org.testng.reporters.JUnitReportReporter -->
<testsuite skipped="0" hostname="Dell-Abhinaw" name="com.automationAbhinawDemo.test.Dummy" tests="1" failures="0" timestamp="03 Jul 2019 01:17:17 GMT" time="0.014" errors="0">
  <testcase name="te" time="0.014" classname="com.automationAbhinawDemo.test.Dummy"/>
</testsuite> <!-- com.automationAbhinawDemo.test.Dummy -->
